<?xml version="1.0" encoding="UTF-8"?>
<!-- Generated by org.testng.reporters.JUnitReportReporter -->
<testsuite skipped="0" hostname="BABLU" name="Methodnames" tests="2" failures="0" timestamp="17 Jul 2017 04:00:18 GMT" time="0.040" errors="0">
  <testcase name="values" time="0.004" classname="Methodnames"/>
  <testcase name="name" time="0.036" classname="Methodnames"/>
</testsuite> <!-- Methodnames -->
